2025-05-07T15:20:41.510+05:30  INFO 13928 --- [RailwayTicket] [restartedMain] c.ticket.demo.RailwayTicketApplication   : Starting RailwayTicketApplication using Java 24 with PID 13928 (D:\RailwayTicket\demo\target\classes started by ADMIN in D:\RailwayTicket)
2025-05-07T15:20:41.528+05:30  INFO 13928 --- [RailwayTicket] [restartedMain] c.ticket.demo.RailwayTicketApplication   : No active profile set, falling back to 1 default profile: "default"
2025-05-07T15:20:41.728+05:30  INFO 13928 --- [RailwayTicket] [restartedMain] .e.DevToolsPropertyDefaultsPostProcessor : Devtools property defaults active! Set 'spring.devtools.add-properties' to 'false' to disable
2025-05-07T15:20:41.729+05:30  INFO 13928 --- [RailwayTicket] [restartedMain] .e.DevToolsPropertyDefaultsPostProcessor : For additional web related logging consider setting the 'logging.level.web' property to 'DEBUG'
2025-05-07T15:20:43.435+05:30  INFO 13928 --- [RailwayTicket] [restartedMain] .s.d.r.c.RepositoryConfigurationDelegate : Bootstrapping Spring Data JPA repositories in DEFAULT mode.
2025-05-07T15:20:43.570+05:30  INFO 13928 --- [RailwayTicket] [restartedMain] .s.d.r.c.RepositoryConfigurationDelegate : Finished Spring Data repository scanning in 111 ms. Found 3 JPA repository interfaces.
2025-05-07T15:20:44.739+05:30  INFO 13928 --- [RailwayTicket] [restartedMain] o.s.b.w.embedded.tomcat.TomcatWebServer  : Tomcat initialized with port 8080 (http)
2025-05-07T15:20:44.769+05:30  INFO 13928 --- [RailwayTicket] [restartedMain] o.apache.catalina.core.StandardService   : Starting service [Tomcat]
2025-05-07T15:20:44.770+05:30  INFO 13928 --- [RailwayTicket] [restartedMain] o.apache.catalina.core.StandardEngine    : Starting Servlet engine: [Apache Tomcat/10.1.40]
2025-05-07T15:20:44.841+05:30  INFO 13928 --- [RailwayTicket] [restartedMain] o.a.c.c.C.[Tomcat].[localhost].[/]       : Initializing Spring embedded WebApplicationContext
2025-05-07T15:20:44.842+05:30  INFO 13928 --- [RailwayTicket] [restartedMain] w.s.c.ServletWebServerApplicationContext : Root WebApplicationContext: initialization completed in 3111 ms
2025-05-07T15:20:45.366+05:30  INFO 13928 --- [RailwayTicket] [restartedMain] o.hibernate.jpa.internal.util.LogHelper  : HHH000204: Processing PersistenceUnitInfo [name: default]
2025-05-07T15:20:45.506+05:30  INFO 13928 --- [RailwayTicket] [restartedMain] org.hibernate.Version                    : HHH000412: Hibernate ORM core version 6.6.13.Final
2025-05-07T15:20:45.589+05:30  INFO 13928 --- [RailwayTicket] [restartedMain] o.h.c.internal.RegionFactoryInitiator    : HHH000026: Second-level cache disabled
2025-05-07T15:20:46.260+05:30  INFO 13928 --- [RailwayTicket] [restartedMain] o.s.o.j.p.SpringPersistenceUnitInfo      : No LoadTimeWeaver setup: ignoring JPA class transformer
2025-05-07T15:20:46.320+05:30  INFO 13928 --- [RailwayTicket] [restartedMain] com.zaxxer.hikari.HikariDataSource       : HikariPool-1 - Starting...
2025-05-07T15:20:46.717+05:30  INFO 13928 --- [RailwayTicket] [restartedMain] com.zaxxer.hikari.pool.HikariPool        : HikariPool-1 - Added connection org.postgresql.jdbc.PgConnection@272a472d
2025-05-07T15:20:46.720+05:30  INFO 13928 --- [RailwayTicket] [restartedMain] com.zaxxer.hikari.HikariDataSource       : HikariPool-1 - Start completed.
2025-05-07T15:20:46.836+05:30  INFO 13928 --- [RailwayTicket] [restartedMain] org.hibernate.orm.connections.pooling    : HHH10001005: Database info:
	Database JDBC URL [Connecting through datasource 'HikariDataSource (HikariPool-1)']
	Database driver: undefined/unknown
	Database version: 17.4
	Autocommit mode: undefined/unknown
	Isolation level: undefined/unknown
	Minimum pool size: undefined/unknown
	Maximum pool size: undefined/unknown
2025-05-07T15:20:48.860+05:30  INFO 13928 --- [RailwayTicket] [restartedMain] o.h.e.t.j.p.i.JtaPlatformInitiator       : HHH000489: No JTA platform available (set 'hibernate.transaction.jta.platform' to enable JTA platform integration)
2025-05-07T15:20:48.971+05:30  INFO 13928 --- [RailwayTicket] [restartedMain] j.LocalContainerEntityManagerFactoryBean : Initialized JPA EntityManagerFactory for persistence unit 'default'
2025-05-07T15:20:49.761+05:30  WARN 13928 --- [RailwayTicket] [restartedMain] JpaBaseConfiguration$JpaWebConfiguration : spring.jpa.open-in-view is enabled by default. Therefore, database queries may be performed during view rendering. Explicitly configure spring.jpa.open-in-view to disable this warning
2025-05-07T15:20:50.553+05:30  INFO 13928 --- [RailwayTicket] [restartedMain] o.s.b.d.a.OptionalLiveReloadServer       : LiveReload server is running on port 35729
2025-05-07T15:20:50.602+05:30  INFO 13928 --- [RailwayTicket] [restartedMain] o.s.b.w.embedded.tomcat.TomcatWebServer  : Tomcat started on port 8080 (http) with context path '/'
2025-05-07T15:20:50.617+05:30  INFO 13928 --- [RailwayTicket] [restartedMain] c.ticket.demo.RailwayTicketApplication   : Started RailwayTicketApplication in 10.006 seconds (process running for 15.278)
2025-05-07T15:22:00.909+05:30  INFO 13928 --- [RailwayTicket] [http-nio-8080-exec-2] o.a.c.c.C.[Tomcat].[localhost].[/]       : Initializing Spring DispatcherServlet 'dispatcherServlet'
2025-05-07T15:22:00.910+05:30  INFO 13928 --- [RailwayTicket] [http-nio-8080-exec-2] o.s.web.servlet.DispatcherServlet        : Initializing Servlet 'dispatcherServlet'
2025-05-07T15:22:00.912+05:30  INFO 13928 --- [RailwayTicket] [http-nio-8080-exec-2] o.s.web.servlet.DispatcherServlet        : Completed initialization in 2 ms
2025-05-07T15:22:01.080+05:30  WARN 13928 --- [RailwayTicket] [http-nio-8080-exec-2] .w.s.m.s.DefaultHandlerExceptionResolver : Resolved [org.springframework.http.converter.HttpMessageNotReadableException: JSON parse error: Cannot deserialize value of type `java.lang.Long` from String "m": not a valid `java.lang.Long` value]
2025-05-07T17:30:45.953+05:30  INFO 13928 --- [RailwayTicket] [File Watcher] rtingClassPathChangeChangedEventListener : Restarting due to 35 class path changes (18 additions, 17 deletions, 0 modifications)
2025-05-07T17:30:47.226+05:30  INFO 13928 --- [RailwayTicket] [Thread-5] o.s.b.w.e.tomcat.GracefulShutdown        : Commencing graceful shutdown. Waiting for active requests to complete
2025-05-07T17:30:47.518+05:30  INFO 13928 --- [RailwayTicket] [tomcat-shutdown] o.s.b.w.e.tomcat.GracefulShutdown        : Graceful shutdown complete
2025-05-07T17:30:47.641+05:30  INFO 13928 --- [RailwayTicket] [Thread-5] j.LocalContainerEntityManagerFactoryBean : Closing JPA EntityManagerFactory for persistence unit 'default'
2025-05-07T17:30:47.678+05:30  INFO 13928 --- [RailwayTicket] [Thread-5] com.zaxxer.hikari.HikariDataSource       : HikariPool-1 - Shutdown initiated...
2025-05-07T17:30:47.967+05:30  INFO 13928 --- [RailwayTicket] [Thread-5] com.zaxxer.hikari.HikariDataSource       : HikariPool-1 - Shutdown completed.
2025-05-07T17:30:55.490+05:30  INFO 13928 --- [RailwayTicket] [restartedMain] c.ticket.demo.RailwayTicketApplication   : Starting RailwayTicketApplication using Java 24 with PID 13928 (D:\RailwayTicket\demo\target\classes started by ADMIN in D:\RailwayTicket)
2025-05-07T17:30:55.492+05:30  INFO 13928 --- [RailwayTicket] [restartedMain] c.ticket.demo.RailwayTicketApplication   : No active profile set, falling back to 1 default profile: "default"
2025-05-07T17:30:57.403+05:30  INFO 13928 --- [RailwayTicket] [restartedMain] .s.d.r.c.RepositoryConfigurationDelegate : Bootstrapping Spring Data JPA repositories in DEFAULT mode.
2025-05-07T17:30:57.515+05:30  INFO 13928 --- [RailwayTicket] [restartedMain] .s.d.r.c.RepositoryConfigurationDelegate : Finished Spring Data repository scanning in 106 ms. Found 3 JPA repository interfaces.
2025-05-07T17:30:58.355+05:30  INFO 13928 --- [RailwayTicket] [restartedMain] o.s.b.w.embedded.tomcat.TomcatWebServer  : Tomcat initialized with port 8080 (http)
2025-05-07T17:30:58.369+05:30  INFO 13928 --- [RailwayTicket] [restartedMain] o.apache.catalina.core.StandardService   : Starting service [Tomcat]
2025-05-07T17:30:58.369+05:30  INFO 13928 --- [RailwayTicket] [restartedMain] o.apache.catalina.core.StandardEngine    : Starting Servlet engine: [Apache Tomcat/10.1.40]
2025-05-07T17:30:59.036+05:30  INFO 13928 --- [RailwayTicket] [restartedMain] o.a.c.c.C.[Tomcat-1].[localhost].[/]     : Initializing Spring embedded WebApplicationContext
2025-05-07T17:30:59.038+05:30  INFO 13928 --- [RailwayTicket] [restartedMain] w.s.c.ServletWebServerApplicationContext : Root WebApplicationContext: initialization completed in 3517 ms
2025-05-07T17:31:01.927+05:30  INFO 13928 --- [RailwayTicket] [restartedMain] o.hibernate.jpa.internal.util.LogHelper  : HHH000204: Processing PersistenceUnitInfo [name: default]
2025-05-07T17:31:01.953+05:30  INFO 13928 --- [RailwayTicket] [restartedMain] o.h.c.internal.RegionFactoryInitiator    : HHH000026: Second-level cache disabled
2025-05-07T17:31:02.255+05:30  INFO 13928 --- [RailwayTicket] [restartedMain] o.s.o.j.p.SpringPersistenceUnitInfo      : No LoadTimeWeaver setup: ignoring JPA class transformer
2025-05-07T17:31:02.259+05:30  INFO 13928 --- [RailwayTicket] [restartedMain] com.zaxxer.hikari.HikariDataSource       : HikariPool-2 - Starting...
2025-05-07T17:31:02.701+05:30  INFO 13928 --- [RailwayTicket] [restartedMain] com.zaxxer.hikari.pool.HikariPool        : HikariPool-2 - Added connection org.postgresql.jdbc.PgConnection@79305974
2025-05-07T17:31:02.702+05:30  INFO 13928 --- [RailwayTicket] [restartedMain] com.zaxxer.hikari.HikariDataSource       : HikariPool-2 - Start completed.
2025-05-07T17:31:02.741+05:30  INFO 13928 --- [RailwayTicket] [restartedMain] org.hibernate.orm.connections.pooling    : HHH10001005: Database info:
	Database JDBC URL [Connecting through datasource 'HikariDataSource (HikariPool-2)']
	Database driver: undefined/unknown
	Database version: 17.4
	Autocommit mode: undefined/unknown
	Isolation level: undefined/unknown
	Minimum pool size: undefined/unknown
	Maximum pool size: undefined/unknown
2025-05-07T17:31:03.100+05:30  INFO 13928 --- [RailwayTicket] [restartedMain] o.h.e.t.j.p.i.JtaPlatformInitiator       : HHH000489: No JTA platform available (set 'hibernate.transaction.jta.platform' to enable JTA platform integration)
2025-05-07T17:31:03.203+05:30  INFO 13928 --- [RailwayTicket] [restartedMain] j.LocalContainerEntityManagerFactoryBean : Initialized JPA EntityManagerFactory for persistence unit 'default'
2025-05-07T17:31:04.236+05:30  WARN 13928 --- [RailwayTicket] [restartedMain] JpaBaseConfiguration$JpaWebConfiguration : spring.jpa.open-in-view is enabled by default. Therefore, database queries may be performed during view rendering. Explicitly configure spring.jpa.open-in-view to disable this warning
2025-05-07T17:31:04.871+05:30  INFO 13928 --- [RailwayTicket] [restartedMain] o.s.b.d.a.OptionalLiveReloadServer       : LiveReload server is running on port 35729
2025-05-07T17:31:04.919+05:30  INFO 13928 --- [RailwayTicket] [restartedMain] o.s.b.w.embedded.tomcat.TomcatWebServer  : Tomcat started on port 8080 (http) with context path '/'
2025-05-07T17:31:04.925+05:30  INFO 13928 --- [RailwayTicket] [restartedMain] c.ticket.demo.RailwayTicketApplication   : Started RailwayTicketApplication in 9.781 seconds (process running for 7829.587)
2025-05-07T17:31:04.930+05:30  INFO 13928 --- [RailwayTicket] [restartedMain] .ConditionEvaluationDeltaLoggingListener : Condition evaluation unchanged
2025-05-07T17:31:09.537+05:30  INFO 13928 --- [RailwayTicket] [File Watcher] rtingClassPathChangeChangedEventListener : Restarting due to 29 class path changes (0 additions, 18 deletions, 11 modifications)
2025-05-07T17:31:09.540+05:30  INFO 13928 --- [RailwayTicket] [Thread-7] o.s.b.w.e.tomcat.GracefulShutdown        : Commencing graceful shutdown. Waiting for active requests to complete
2025-05-07T17:31:09.553+05:30  INFO 13928 --- [RailwayTicket] [tomcat-shutdown] o.s.b.w.e.tomcat.GracefulShutdown        : Graceful shutdown complete
2025-05-07T17:31:09.557+05:30  INFO 13928 --- [RailwayTicket] [Thread-7] j.LocalContainerEntityManagerFactoryBean : Closing JPA EntityManagerFactory for persistence unit 'default'
2025-05-07T17:31:09.559+05:30  INFO 13928 --- [RailwayTicket] [Thread-7] com.zaxxer.hikari.HikariDataSource       : HikariPool-2 - Shutdown initiated...
2025-05-07T17:31:09.586+05:30  INFO 13928 --- [RailwayTicket] [Thread-7] com.zaxxer.hikari.HikariDataSource       : HikariPool-2 - Shutdown completed.
2025-05-07T17:31:09.830+05:30  INFO 13928 --- [RailwayTicket] [restartedMain] c.ticket.demo.RailwayTicketApplication   : Starting RailwayTicketApplication using Java 24 with PID 13928 (D:\RailwayTicket\demo\target\classes started by ADMIN in D:\RailwayTicket)
2025-05-07T17:31:09.834+05:30  INFO 13928 --- [RailwayTicket] [restartedMain] c.ticket.demo.RailwayTicketApplication   : No active profile set, falling back to 1 default profile: "default"
2025-05-07T17:31:10.830+05:30  INFO 13928 --- [RailwayTicket] [restartedMain] .s.d.r.c.RepositoryConfigurationDelegate : Bootstrapping Spring Data JPA repositories in DEFAULT mode.
2025-05-07T17:31:10.898+05:30  INFO 13928 --- [RailwayTicket] [restartedMain] .s.d.r.c.RepositoryConfigurationDelegate : Finished Spring Data repository scanning in 65 ms. Found 3 JPA repository interfaces.
2025-05-07T17:31:11.250+05:30  INFO 13928 --- [RailwayTicket] [restartedMain] o.s.b.w.embedded.tomcat.TomcatWebServer  : Tomcat initialized with port 8080 (http)
2025-05-07T17:31:11.251+05:30  INFO 13928 --- [RailwayTicket] [restartedMain] o.apache.catalina.core.StandardService   : Starting service [Tomcat]
2025-05-07T17:31:11.252+05:30  INFO 13928 --- [RailwayTicket] [restartedMain] o.apache.catalina.core.StandardEngine    : Starting Servlet engine: [Apache Tomcat/10.1.40]
2025-05-07T17:31:11.294+05:30  INFO 13928 --- [RailwayTicket] [restartedMain] o.a.c.c.C.[Tomcat-1].[localhost].[/]     : Initializing Spring embedded WebApplicationContext
2025-05-07T17:31:11.295+05:30  INFO 13928 --- [RailwayTicket] [restartedMain] w.s.c.ServletWebServerApplicationContext : Root WebApplicationContext: initialization completed in 1457 ms
2025-05-07T17:31:14.152+05:30  INFO 13928 --- [RailwayTicket] [restartedMain] o.hibernate.jpa.internal.util.LogHelper  : HHH000204: Processing PersistenceUnitInfo [name: default]
2025-05-07T17:31:14.169+05:30  INFO 13928 --- [RailwayTicket] [restartedMain] o.h.c.internal.RegionFactoryInitiator    : HHH000026: Second-level cache disabled
2025-05-07T17:31:14.188+05:30  INFO 13928 --- [RailwayTicket] [restartedMain] o.s.o.j.p.SpringPersistenceUnitInfo      : No LoadTimeWeaver setup: ignoring JPA class transformer
2025-05-07T17:31:14.190+05:30  INFO 13928 --- [RailwayTicket] [restartedMain] com.zaxxer.hikari.HikariDataSource       : HikariPool-3 - Starting...
2025-05-07T17:31:14.778+05:30  INFO 13928 --- [RailwayTicket] [restartedMain] com.zaxxer.hikari.pool.HikariPool        : HikariPool-3 - Added connection org.postgresql.jdbc.PgConnection@677e7b7d
2025-05-07T17:31:14.779+05:30  INFO 13928 --- [RailwayTicket] [restartedMain] com.zaxxer.hikari.HikariDataSource       : HikariPool-3 - Start completed.
2025-05-07T17:31:14.800+05:30  INFO 13928 --- [RailwayTicket] [restartedMain] org.hibernate.orm.connections.pooling    : HHH10001005: Database info:
	Database JDBC URL [Connecting through datasource 'HikariDataSource (HikariPool-3)']
	Database driver: undefined/unknown
	Database version: 17.4
	Autocommit mode: undefined/unknown
	Isolation level: undefined/unknown
	Minimum pool size: undefined/unknown
	Maximum pool size: undefined/unknown
2025-05-07T17:31:15.449+05:30  INFO 13928 --- [RailwayTicket] [restartedMain] o.h.e.t.j.p.i.JtaPlatformInitiator       : HHH000489: No JTA platform available (set 'hibernate.transaction.jta.platform' to enable JTA platform integration)
2025-05-07T17:31:15.496+05:30  INFO 13928 --- [RailwayTicket] [restartedMain] j.LocalContainerEntityManagerFactoryBean : Initialized JPA EntityManagerFactory for persistence unit 'default'
2025-05-07T17:31:16.004+05:30  WARN 13928 --- [RailwayTicket] [restartedMain] JpaBaseConfiguration$JpaWebConfiguration : spring.jpa.open-in-view is enabled by default. Therefore, database queries may be performed during view rendering. Explicitly configure spring.jpa.open-in-view to disable this warning
2025-05-07T17:31:16.319+05:30  INFO 13928 --- [RailwayTicket] [restartedMain] o.s.b.d.a.OptionalLiveReloadServer       : LiveReload server is running on port 35729
2025-05-07T17:31:16.377+05:30  INFO 13928 --- [RailwayTicket] [restartedMain] o.s.b.w.embedded.tomcat.TomcatWebServer  : Tomcat started on port 8080 (http) with context path '/'
2025-05-07T17:31:16.383+05:30  INFO 13928 --- [RailwayTicket] [restartedMain] c.ticket.demo.RailwayTicketApplication   : Started RailwayTicketApplication in 6.656 seconds (process running for 7841.045)
2025-05-07T17:31:16.385+05:30  INFO 13928 --- [RailwayTicket] [restartedMain] .ConditionEvaluationDeltaLoggingListener : Condition evaluation unchanged
2025-05-07T17:36:48.243+05:30  INFO 13928 --- [RailwayTicket] [File Watcher] rtingClassPathChangeChangedEventListener : Restarting due to 1 class path change (0 additions, 0 deletions, 1 modification)
2025-05-07T17:36:48.245+05:30  INFO 13928 --- [RailwayTicket] [Thread-14] o.s.b.w.e.tomcat.GracefulShutdown        : Commencing graceful shutdown. Waiting for active requests to complete
2025-05-07T17:36:48.250+05:30  INFO 13928 --- [RailwayTicket] [tomcat-shutdown] o.s.b.w.e.tomcat.GracefulShutdown        : Graceful shutdown complete
2025-05-07T17:36:48.253+05:30  INFO 13928 --- [RailwayTicket] [Thread-14] j.LocalContainerEntityManagerFactoryBean : Closing JPA EntityManagerFactory for persistence unit 'default'
2025-05-07T17:36:48.254+05:30  INFO 13928 --- [RailwayTicket] [Thread-14] com.zaxxer.hikari.HikariDataSource       : HikariPool-3 - Shutdown initiated...
2025-05-07T17:36:48.267+05:30  INFO 13928 --- [RailwayTicket] [Thread-14] com.zaxxer.hikari.HikariDataSource       : HikariPool-3 - Shutdown completed.
2025-05-07T17:36:48.370+05:30  INFO 13928 --- [RailwayTicket] [restartedMain] c.ticket.demo.RailwayTicketApplication   : Starting RailwayTicketApplication using Java 24 with PID 13928 (D:\RailwayTicket\demo\target\classes started by ADMIN in D:\RailwayTicket)
2025-05-07T17:36:48.371+05:30  INFO 13928 --- [RailwayTicket] [restartedMain] c.ticket.demo.RailwayTicketApplication   : No active profile set, falling back to 1 default profile: "default"
2025-05-07T17:36:48.798+05:30  INFO 13928 --- [RailwayTicket] [restartedMain] .s.d.r.c.RepositoryConfigurationDelegate : Bootstrapping Spring Data JPA repositories in DEFAULT mode.
2025-05-07T17:36:48.842+05:30  INFO 13928 --- [RailwayTicket] [restartedMain] .s.d.r.c.RepositoryConfigurationDelegate : Finished Spring Data repository scanning in 41 ms. Found 3 JPA repository interfaces.
2025-05-07T17:36:49.269+05:30  INFO 13928 --- [RailwayTicket] [restartedMain] o.s.b.w.embedded.tomcat.TomcatWebServer  : Tomcat initialized with port 8080 (http)
2025-05-07T17:36:49.272+05:30  INFO 13928 --- [RailwayTicket] [restartedMain] o.apache.catalina.core.StandardService   : Starting service [Tomcat]
2025-05-07T17:36:49.274+05:30  INFO 13928 --- [RailwayTicket] [restartedMain] o.apache.catalina.core.StandardEngine    : Starting Servlet engine: [Apache Tomcat/10.1.40]
2025-05-07T17:36:49.312+05:30  INFO 13928 --- [RailwayTicket] [restartedMain] o.a.c.c.C.[Tomcat-1].[localhost].[/]     : Initializing Spring embedded WebApplicationContext
2025-05-07T17:36:49.312+05:30  INFO 13928 --- [RailwayTicket] [restartedMain] w.s.c.ServletWebServerApplicationContext : Root WebApplicationContext: initialization completed in 938 ms
2025-05-07T17:36:49.392+05:30  INFO 13928 --- [RailwayTicket] [restartedMain] o.hibernate.jpa.internal.util.LogHelper  : HHH000204: Processing PersistenceUnitInfo [name: default]
2025-05-07T17:36:49.401+05:30  INFO 13928 --- [RailwayTicket] [restartedMain] o.h.c.internal.RegionFactoryInitiator    : HHH000026: Second-level cache disabled
2025-05-07T17:36:49.454+05:30  INFO 13928 --- [RailwayTicket] [restartedMain] o.s.o.j.p.SpringPersistenceUnitInfo      : No LoadTimeWeaver setup: ignoring JPA class transformer
2025-05-07T17:36:49.457+05:30  INFO 13928 --- [RailwayTicket] [restartedMain] com.zaxxer.hikari.HikariDataSource       : HikariPool-4 - Starting...
2025-05-07T17:36:49.656+05:30  INFO 13928 --- [RailwayTicket] [restartedMain] com.zaxxer.hikari.pool.HikariPool        : HikariPool-4 - Added connection org.postgresql.jdbc.PgConnection@4bab732a
2025-05-07T17:36:49.656+05:30  INFO 13928 --- [RailwayTicket] [restartedMain] com.zaxxer.hikari.HikariDataSource       : HikariPool-4 - Start completed.
2025-05-07T17:36:49.674+05:30  INFO 13928 --- [RailwayTicket] [restartedMain] org.hibernate.orm.connections.pooling    : HHH10001005: Database info:
	Database JDBC URL [Connecting through datasource 'HikariDataSource (HikariPool-4)']
	Database driver: undefined/unknown
	Database version: 17.4
	Autocommit mode: undefined/unknown
	Isolation level: undefined/unknown
	Minimum pool size: undefined/unknown
	Maximum pool size: undefined/unknown
2025-05-07T17:36:49.912+05:30  INFO 13928 --- [RailwayTicket] [restartedMain] o.h.e.t.j.p.i.JtaPlatformInitiator       : HHH000489: No JTA platform available (set 'hibernate.transaction.jta.platform' to enable JTA platform integration)
2025-05-07T17:36:49.970+05:30  INFO 13928 --- [RailwayTicket] [restartedMain] j.LocalContainerEntityManagerFactoryBean : Initialized JPA EntityManagerFactory for persistence unit 'default'
2025-05-07T17:36:50.134+05:30  WARN 13928 --- [RailwayTicket] [restartedMain] JpaBaseConfiguration$JpaWebConfiguration : spring.jpa.open-in-view is enabled by default. Therefore, database queries may be performed during view rendering. Explicitly configure spring.jpa.open-in-view to disable this warning
2025-05-07T17:36:50.339+05:30  INFO 13928 --- [RailwayTicket] [restartedMain] o.s.b.d.a.OptionalLiveReloadServer       : LiveReload server is running on port 35729
2025-05-07T17:36:50.351+05:30  INFO 13928 --- [RailwayTicket] [restartedMain] o.s.b.w.embedded.tomcat.TomcatWebServer  : Tomcat started on port 8080 (http) with context path '/'
2025-05-07T17:36:50.355+05:30  INFO 13928 --- [RailwayTicket] [restartedMain] c.ticket.demo.RailwayTicketApplication   : Started RailwayTicketApplication in 2.019 seconds (process running for 8175.017)
2025-05-07T17:36:50.357+05:30  INFO 13928 --- [RailwayTicket] [restartedMain] .ConditionEvaluationDeltaLoggingListener : Condition evaluation unchanged
2025-05-07T17:37:05.115+05:30  INFO 13928 --- [RailwayTicket] [File Watcher] rtingClassPathChangeChangedEventListener : Restarting due to 1 class path change (0 additions, 0 deletions, 1 modification)
2025-05-07T17:37:05.117+05:30  INFO 13928 --- [RailwayTicket] [Thread-18] o.s.b.w.e.tomcat.GracefulShutdown        : Commencing graceful shutdown. Waiting for active requests to complete
2025-05-07T17:37:05.122+05:30  INFO 13928 --- [RailwayTicket] [tomcat-shutdown] o.s.b.w.e.tomcat.GracefulShutdown        : Graceful shutdown complete
2025-05-07T17:37:05.125+05:30  INFO 13928 --- [RailwayTicket] [Thread-18] j.LocalContainerEntityManagerFactoryBean : Closing JPA EntityManagerFactory for persistence unit 'default'
2025-05-07T17:37:05.126+05:30  INFO 13928 --- [RailwayTicket] [Thread-18] com.zaxxer.hikari.HikariDataSource       : HikariPool-4 - Shutdown initiated...
2025-05-07T17:37:05.134+05:30  INFO 13928 --- [RailwayTicket] [Thread-18] com.zaxxer.hikari.HikariDataSource       : HikariPool-4 - Shutdown completed.
2025-05-07T17:37:05.227+05:30  INFO 13928 --- [RailwayTicket] [restartedMain] c.ticket.demo.RailwayTicketApplication   : Starting RailwayTicketApplication using Java 24 with PID 13928 (D:\RailwayTicket\demo\target\classes started by ADMIN in D:\RailwayTicket)
2025-05-07T17:37:05.227+05:30  INFO 13928 --- [RailwayTicket] [restartedMain] c.ticket.demo.RailwayTicketApplication   : No active profile set, falling back to 1 default profile: "default"
2025-05-07T17:37:05.440+05:30  INFO 13928 --- [RailwayTicket] [restartedMain] .s.d.r.c.RepositoryConfigurationDelegate : Bootstrapping Spring Data JPA repositories in DEFAULT mode.
2025-05-07T17:37:05.454+05:30  INFO 13928 --- [RailwayTicket] [restartedMain] .s.d.r.c.RepositoryConfigurationDelegate : Finished Spring Data repository scanning in 13 ms. Found 3 JPA repository interfaces.
2025-05-07T17:37:05.534+05:30  INFO 13928 --- [RailwayTicket] [restartedMain] o.s.b.w.embedded.tomcat.TomcatWebServer  : Tomcat initialized with port 8080 (http)
2025-05-07T17:37:05.536+05:30  INFO 13928 --- [RailwayTicket] [restartedMain] o.apache.catalina.core.StandardService   : Starting service [Tomcat]
2025-05-07T17:37:05.537+05:30  INFO 13928 --- [RailwayTicket] [restartedMain] o.apache.catalina.core.StandardEngine    : Starting Servlet engine: [Apache Tomcat/10.1.40]
2025-05-07T17:37:05.568+05:30  INFO 13928 --- [RailwayTicket] [restartedMain] o.a.c.c.C.[Tomcat-1].[localhost].[/]     : Initializing Spring embedded WebApplicationContext
2025-05-07T17:37:05.569+05:30  INFO 13928 --- [RailwayTicket] [restartedMain] w.s.c.ServletWebServerApplicationContext : Root WebApplicationContext: initialization completed in 339 ms
2025-05-07T17:37:05.688+05:30  INFO 13928 --- [RailwayTicket] [restartedMain] o.hibernate.jpa.internal.util.LogHelper  : HHH000204: Processing PersistenceUnitInfo [name: default]
2025-05-07T17:37:05.693+05:30  INFO 13928 --- [RailwayTicket] [restartedMain] o.h.c.internal.RegionFactoryInitiator    : HHH000026: Second-level cache disabled
2025-05-07T17:37:05.704+05:30  INFO 13928 --- [RailwayTicket] [restartedMain] o.s.o.j.p.SpringPersistenceUnitInfo      : No LoadTimeWeaver setup: ignoring JPA class transformer
2025-05-07T17:37:05.705+05:30  INFO 13928 --- [RailwayTicket] [restartedMain] com.zaxxer.hikari.HikariDataSource       : HikariPool-5 - Starting...
2025-05-07T17:37:05.894+05:30  INFO 13928 --- [RailwayTicket] [restartedMain] com.zaxxer.hikari.pool.HikariPool        : HikariPool-5 - Added connection org.postgresql.jdbc.PgConnection@679525fc
2025-05-07T17:37:05.894+05:30  INFO 13928 --- [RailwayTicket] [restartedMain] com.zaxxer.hikari.HikariDataSource       : HikariPool-5 - Start completed.
2025-05-07T17:37:05.908+05:30  INFO 13928 --- [RailwayTicket] [restartedMain] org.hibernate.orm.connections.pooling    : HHH10001005: Database info:
	Database JDBC URL [Connecting through datasource 'HikariDataSource (HikariPool-5)']
	Database driver: undefined/unknown
	Database version: 17.4
	Autocommit mode: undefined/unknown
	Isolation level: undefined/unknown
	Minimum pool size: undefined/unknown
	Maximum pool size: undefined/unknown
2025-05-07T17:37:06.032+05:30  INFO 13928 --- [RailwayTicket] [restartedMain] o.h.e.t.j.p.i.JtaPlatformInitiator       : HHH000489: No JTA platform available (set 'hibernate.transaction.jta.platform' to enable JTA platform integration)
2025-05-07T17:37:06.067+05:30  INFO 13928 --- [RailwayTicket] [restartedMain] j.LocalContainerEntityManagerFactoryBean : Initialized JPA EntityManagerFactory for persistence unit 'default'
2025-05-07T17:37:06.174+05:30  WARN 13928 --- [RailwayTicket] [restartedMain] JpaBaseConfiguration$JpaWebConfiguration : spring.jpa.open-in-view is enabled by default. Therefore, database queries may be performed during view rendering. Explicitly configure spring.jpa.open-in-view to disable this warning
2025-05-07T17:37:06.287+05:30  INFO 13928 --- [RailwayTicket] [restartedMain] o.s.b.d.a.OptionalLiveReloadServer       : LiveReload server is running on port 35729
2025-05-07T17:37:06.314+05:30  INFO 13928 --- [RailwayTicket] [restartedMain] o.s.b.w.embedded.tomcat.TomcatWebServer  : Tomcat started on port 8080 (http) with context path '/'
2025-05-07T17:37:06.320+05:30  INFO 13928 --- [RailwayTicket] [restartedMain] c.ticket.demo.RailwayTicketApplication   : Started RailwayTicketApplication in 1.124 seconds (process running for 8190.982)
2025-05-07T17:37:06.326+05:30  INFO 13928 --- [RailwayTicket] [restartedMain] .ConditionEvaluationDeltaLoggingListener : Condition evaluation unchanged
2025-05-07T18:03:29.615+05:30  INFO 13928 --- [RailwayTicket] [File Watcher] rtingClassPathChangeChangedEventListener : Restarting due to 1 class path change (1 addition, 0 deletions, 0 modifications)
2025-05-07T18:03:29.618+05:30  INFO 13928 --- [RailwayTicket] [Thread-22] o.s.b.w.e.tomcat.GracefulShutdown        : Commencing graceful shutdown. Waiting for active requests to complete
2025-05-07T18:03:29.625+05:30  INFO 13928 --- [RailwayTicket] [tomcat-shutdown] o.s.b.w.e.tomcat.GracefulShutdown        : Graceful shutdown complete
2025-05-07T18:03:29.628+05:30  INFO 13928 --- [RailwayTicket] [Thread-22] j.LocalContainerEntityManagerFactoryBean : Closing JPA EntityManagerFactory for persistence unit 'default'
2025-05-07T18:03:29.629+05:30  INFO 13928 --- [RailwayTicket] [Thread-22] com.zaxxer.hikari.HikariDataSource       : HikariPool-5 - Shutdown initiated...
2025-05-07T18:03:29.639+05:30  INFO 13928 --- [RailwayTicket] [Thread-22] com.zaxxer.hikari.HikariDataSource       : HikariPool-5 - Shutdown completed.
2025-05-07T18:03:29.765+05:30  INFO 13928 --- [RailwayTicket] [restartedMain] c.ticket.demo.RailwayTicketApplication   : Starting RailwayTicketApplication using Java 24 with PID 13928 (D:\RailwayTicket\demo\target\classes started by ADMIN in D:\RailwayTicket)
2025-05-07T18:03:29.766+05:30  INFO 13928 --- [RailwayTicket] [restartedMain] c.ticket.demo.RailwayTicketApplication   : No active profile set, falling back to 1 default profile: "default"
2025-05-07T18:03:29.992+05:30  INFO 13928 --- [RailwayTicket] [restartedMain] .s.d.r.c.RepositoryConfigurationDelegate : Bootstrapping Spring Data JPA repositories in DEFAULT mode.
2025-05-07T18:03:30.011+05:30  INFO 13928 --- [RailwayTicket] [restartedMain] .s.d.r.c.RepositoryConfigurationDelegate : Finished Spring Data repository scanning in 16 ms. Found 3 JPA repository interfaces.
2025-05-07T18:03:30.116+05:30  INFO 13928 --- [RailwayTicket] [restartedMain] o.s.b.w.embedded.tomcat.TomcatWebServer  : Tomcat initialized with port 8080 (http)
2025-05-07T18:03:30.117+05:30  INFO 13928 --- [RailwayTicket] [restartedMain] o.apache.catalina.core.StandardService   : Starting service [Tomcat]
2025-05-07T18:03:30.117+05:30  INFO 13928 --- [RailwayTicket] [restartedMain] o.apache.catalina.core.StandardEngine    : Starting Servlet engine: [Apache Tomcat/10.1.40]
2025-05-07T18:03:30.149+05:30  INFO 13928 --- [RailwayTicket] [restartedMain] o.a.c.c.C.[Tomcat-1].[localhost].[/]     : Initializing Spring embedded WebApplicationContext
2025-05-07T18:03:30.150+05:30  INFO 13928 --- [RailwayTicket] [restartedMain] w.s.c.ServletWebServerApplicationContext : Root WebApplicationContext: initialization completed in 382 ms
2025-05-07T18:03:30.204+05:30  INFO 13928 --- [RailwayTicket] [restartedMain] o.hibernate.jpa.internal.util.LogHelper  : HHH000204: Processing PersistenceUnitInfo [name: default]
2025-05-07T18:03:30.214+05:30  INFO 13928 --- [RailwayTicket] [restartedMain] o.h.c.internal.RegionFactoryInitiator    : HHH000026: Second-level cache disabled
2025-05-07T18:03:30.234+05:30  INFO 13928 --- [RailwayTicket] [restartedMain] o.s.o.j.p.SpringPersistenceUnitInfo      : No LoadTimeWeaver setup: ignoring JPA class transformer
2025-05-07T18:03:30.236+05:30  INFO 13928 --- [RailwayTicket] [restartedMain] com.zaxxer.hikari.HikariDataSource       : HikariPool-6 - Starting...
2025-05-07T18:03:30.338+05:30  INFO 13928 --- [RailwayTicket] [restartedMain] com.zaxxer.hikari.pool.HikariPool        : HikariPool-6 - Added connection org.postgresql.jdbc.PgConnection@4de70bd2
2025-05-07T18:03:30.338+05:30  INFO 13928 --- [RailwayTicket] [restartedMain] com.zaxxer.hikari.HikariDataSource       : HikariPool-6 - Start completed.
2025-05-07T18:03:30.350+05:30  INFO 13928 --- [RailwayTicket] [restartedMain] org.hibernate.orm.connections.pooling    : HHH10001005: Database info:
	Database JDBC URL [Connecting through datasource 'HikariDataSource (HikariPool-6)']
	Database driver: undefined/unknown
	Database version: 17.4
	Autocommit mode: undefined/unknown
	Isolation level: undefined/unknown
	Minimum pool size: undefined/unknown
	Maximum pool size: undefined/unknown
2025-05-07T18:03:30.439+05:30  INFO 13928 --- [RailwayTicket] [restartedMain] o.h.e.t.j.p.i.JtaPlatformInitiator       : HHH000489: No JTA platform available (set 'hibernate.transaction.jta.platform' to enable JTA platform integration)
2025-05-07T18:03:30.485+05:30  INFO 13928 --- [RailwayTicket] [restartedMain] j.LocalContainerEntityManagerFactoryBean : Initialized JPA EntityManagerFactory for persistence unit 'default'
2025-05-07T18:03:30.496+05:30  WARN 13928 --- [RailwayTicket] [restartedMain] ConfigServletWebServerApplicationContext : Exception encountered during context initialization - cancelling refresh attempt: org.springframework.beans.factory.BeanCreationException: Error creating bean with name 'ticketController' defined in file [D:\RailwayTicket\demo\target\classes\com\ticket\demo\controller\TicketController.class]: Post-processing of merged bean definition failed
2025-05-07T18:03:30.496+05:30  INFO 13928 --- [RailwayTicket] [restartedMain] j.LocalContainerEntityManagerFactoryBean : Closing JPA EntityManagerFactory for persistence unit 'default'
2025-05-07T18:03:30.497+05:30  INFO 13928 --- [RailwayTicket] [restartedMain] com.zaxxer.hikari.HikariDataSource       : HikariPool-6 - Shutdown initiated...
2025-05-07T18:03:30.566+05:30  INFO 13928 --- [RailwayTicket] [restartedMain] com.zaxxer.hikari.HikariDataSource       : HikariPool-6 - Shutdown completed.
2025-05-07T18:03:30.567+05:30  INFO 13928 --- [RailwayTicket] [restartedMain] o.apache.catalina.core.StandardService   : Stopping service [Tomcat]
2025-05-07T18:03:30.573+05:30  INFO 13928 --- [RailwayTicket] [restartedMain] .s.b.a.l.ConditionEvaluationReportLogger : 

Error starting ApplicationContext. To display the condition evaluation report re-run your application with 'debug' enabled.
2025-05-07T18:03:30.578+05:30 ERROR 13928 --- [RailwayTicket] [restartedMain] o.s.boot.SpringApplication               : Application run failed

org.springframework.beans.factory.BeanCreationException: Error creating bean with name 'ticketController' defined in file [D:\RailwayTicket\demo\target\classes\com\ticket\demo\controller\TicketController.class]: Post-processing of merged bean definition failed
	at org.springframework.beans.factory.support.AbstractAutowireCapableBeanFactory.doCreateBean(AbstractAutowireCapableBeanFactory.java:584) ~[spring-beans-6.2.6.jar:6.2.6]
	at org.springframework.beans.factory.support.AbstractAutowireCapableBeanFactory.createBean(AbstractAutowireCapableBeanFactory.java:529) ~[spring-beans-6.2.6.jar:6.2.6]
	at org.springframework.beans.factory.support.AbstractBeanFactory.lambda$doGetBean$0(AbstractBeanFactory.java:339) ~[spring-beans-6.2.6.jar:6.2.6]
	at org.springframework.beans.factory.support.DefaultSingletonBeanRegistry.getSingleton(DefaultSingletonBeanRegistry.java:371) ~[spring-beans-6.2.6.jar:6.2.6]
	at org.springframework.beans.factory.support.AbstractBeanFactory.doGetBean(AbstractBeanFactory.java:337) ~[spring-beans-6.2.6.jar:6.2.6]
	at org.springframework.beans.factory.support.AbstractBeanFactory.getBean(AbstractBeanFactory.java:202) ~[spring-beans-6.2.6.jar:6.2.6]
	at org.springframework.beans.factory.support.DefaultListableBeanFactory.instantiateSingleton(DefaultListableBeanFactory.java:1221) ~[spring-beans-6.2.6.jar:6.2.6]
	at org.springframework.beans.factory.support.DefaultListableBeanFactory.preInstantiateSingleton(DefaultListableBeanFactory.java:1187) ~[spring-beans-6.2.6.jar:6.2.6]
	at org.springframework.beans.factory.support.DefaultListableBeanFactory.preInstantiateSingletons(DefaultListableBeanFactory.java:1122) ~[spring-beans-6.2.6.jar:6.2.6]
	at org.springframework.context.support.AbstractApplicationContext.finishBeanFactoryInitialization(AbstractApplicationContext.java:987) ~[spring-context-6.2.6.jar:6.2.6]
	at org.springframework.context.support.AbstractApplicationContext.refresh(AbstractApplicationContext.java:627) ~[spring-context-6.2.6.jar:6.2.6]
	at org.springframework.boot.web.servlet.context.ServletWebServerApplicationContext.refresh(ServletWebServerApplicationContext.java:146) ~[spring-boot-3.4.5.jar:3.4.5]
	at org.springframework.boot.SpringApplication.refresh(SpringApplication.java:753) ~[spring-boot-3.4.5.jar:3.4.5]
	at org.springframework.boot.SpringApplication.refreshContext(SpringApplication.java:439) ~[spring-boot-3.4.5.jar:3.4.5]
	at org.springframework.boot.SpringApplication.run(SpringApplication.java:318) ~[spring-boot-3.4.5.jar:3.4.5]
	at org.springframework.boot.SpringApplication.run(SpringApplication.java:1362) ~[spring-boot-3.4.5.jar:3.4.5]
	at org.springframework.boot.SpringApplication.run(SpringApplication.java:1351) ~[spring-boot-3.4.5.jar:3.4.5]
	at com.ticket.demo.RailwayTicketApplication.main(RailwayTicketApplication.java:13) ~[classes/:na]
	at java.base/jdk.internal.reflect.DirectMethodHandleAccessor.invoke(DirectMethodHandleAccessor.java:104) ~[na:na]
	at java.base/java.lang.reflect.Method.invoke(Method.java:565) ~[na:na]
	at org.springframework.boot.devtools.restart.RestartLauncher.run(RestartLauncher.java:50) ~[spring-boot-devtools-3.4.5.jar:3.4.5]
Caused by: java.lang.IllegalStateException: Failed to introspect Class [com.ticket.demo.controller.TicketController] from ClassLoader [org.springframework.boot.devtools.restart.classloader.RestartClassLoader@5f0e3381]
	at org.springframework.util.ReflectionUtils.getDeclaredFields(ReflectionUtils.java:756) ~[spring-core-6.2.6.jar:6.2.6]
	at org.springframework.util.ReflectionUtils.doWithLocalFields(ReflectionUtils.java:689) ~[spring-core-6.2.6.jar:6.2.6]
	at org.springframework.orm.jpa.support.PersistenceAnnotationBeanPostProcessor.buildPersistenceMetadata(PersistenceAnnotationBeanPostProcessor.java:437) ~[spring-orm-6.2.6.jar:6.2.6]
	at org.springframework.orm.jpa.support.PersistenceAnnotationBeanPostProcessor.findPersistenceMetadata(PersistenceAnnotationBeanPostProcessor.java:418) ~[spring-orm-6.2.6.jar:6.2.6]
	at org.springframework.orm.jpa.support.PersistenceAnnotationBeanPostProcessor.findInjectionMetadata(PersistenceAnnotationBeanPostProcessor.java:377) ~[spring-orm-6.2.6.jar:6.2.6]
	at org.springframework.orm.jpa.support.PersistenceAnnotationBeanPostProcessor.postProcessMergedBeanDefinition(PersistenceAnnotationBeanPostProcessor.java:353) ~[spring-orm-6.2.6.jar:6.2.6]
	at org.springframework.beans.factory.support.AbstractAutowireCapableBeanFactory.applyMergedBeanDefinitionPostProcessors(AbstractAutowireCapableBeanFactory.java:1115) ~[spring-beans-6.2.6.jar:6.2.6]
	at org.springframework.beans.factory.support.AbstractAutowireCapableBeanFactory.doCreateBean(AbstractAutowireCapableBeanFactory.java:581) ~[spring-beans-6.2.6.jar:6.2.6]
	... 20 common frames omitted
Caused by: java.lang.NoClassDefFoundError: com/ticket/demo/service/TicketService
	at java.base/java.lang.Class.getDeclaredFields0(Native Method) ~[na:na]
	at java.base/java.lang.Class.privateGetDeclaredFields(Class.java:2930) ~[na:na]
	at java.base/java.lang.Class.getDeclaredFields(Class.java:2249) ~[na:na]
	at org.springframework.util.ReflectionUtils.getDeclaredFields(ReflectionUtils.java:751) ~[spring-core-6.2.6.jar:6.2.6]
	... 27 common frames omitted
Caused by: java.lang.ClassNotFoundException: com.ticket.demo.service.TicketService
	at java.base/jdk.internal.loader.BuiltinClassLoader.loadClass(BuiltinClassLoader.java:580) ~[na:na]
	at java.base/java.lang.ClassLoader.loadClass(ClassLoader.java:490) ~[na:na]
	at java.base/java.lang.Class.forName0(Native Method) ~[na:na]
	at java.base/java.lang.Class.forName(Class.java:543) ~[na:na]
	at org.springframework.boot.devtools.restart.classloader.RestartClassLoader.loadClass(RestartClassLoader.java:121) ~[spring-boot-devtools-3.4.5.jar:3.4.5]
	at java.base/java.lang.ClassLoader.loadClass(ClassLoader.java:490) ~[na:na]
	... 31 common frames omitted

2025-05-07T18:03:34.040+05:30  INFO 13928 --- [RailwayTicket] [restartedMain] c.ticket.demo.RailwayTicketApplication   : Starting RailwayTicketApplication using Java 24 with PID 13928 (D:\RailwayTicket\demo\target\classes started by ADMIN in D:\RailwayTicket)
2025-05-07T18:03:34.041+05:30  INFO 13928 --- [RailwayTicket] [restartedMain] c.ticket.demo.RailwayTicketApplication   : No active profile set, falling back to 1 default profile: "default"
2025-05-07T18:03:34.924+05:30  INFO 13928 --- [RailwayTicket] [restartedMain] .s.d.r.c.RepositoryConfigurationDelegate : Bootstrapping Spring Data JPA repositories in DEFAULT mode.
2025-05-07T18:03:34.975+05:30  INFO 13928 --- [RailwayTicket] [restartedMain] .s.d.r.c.RepositoryConfigurationDelegate : Finished Spring Data repository scanning in 47 ms. Found 3 JPA repository interfaces.
2025-05-07T18:03:35.329+05:30  INFO 13928 --- [RailwayTicket] [restartedMain] o.s.b.w.embedded.tomcat.TomcatWebServer  : Tomcat initialized with port 8080 (http)
2025-05-07T18:03:35.332+05:30  INFO 13928 --- [RailwayTicket] [restartedMain] o.apache.catalina.core.StandardService   : Starting service [Tomcat]
2025-05-07T18:03:35.334+05:30  INFO 13928 --- [RailwayTicket] [restartedMain] o.apache.catalina.core.StandardEngine    : Starting Servlet engine: [Apache Tomcat/10.1.40]
2025-05-07T18:03:35.394+05:30  INFO 13928 --- [RailwayTicket] [restartedMain] o.a.c.c.C.[Tomcat-2].[localhost].[/]     : Initializing Spring embedded WebApplicationContext
2025-05-07T18:03:35.394+05:30  INFO 13928 --- [RailwayTicket] [restartedMain] w.s.c.ServletWebServerApplicationContext : Root WebApplicationContext: initialization completed in 1350 ms
2025-05-07T18:03:35.489+05:30  INFO 13928 --- [RailwayTicket] [restartedMain] o.hibernate.jpa.internal.util.LogHelper  : HHH000204: Processing PersistenceUnitInfo [name: default]
2025-05-07T18:03:35.494+05:30  INFO 13928 --- [RailwayTicket] [restartedMain] o.h.c.internal.RegionFactoryInitiator    : HHH000026: Second-level cache disabled
2025-05-07T18:03:35.577+05:30  INFO 13928 --- [RailwayTicket] [restartedMain] o.s.o.j.p.SpringPersistenceUnitInfo      : No LoadTimeWeaver setup: ignoring JPA class transformer
2025-05-07T18:03:35.580+05:30  INFO 13928 --- [RailwayTicket] [restartedMain] com.zaxxer.hikari.HikariDataSource       : HikariPool-7 - Starting...
2025-05-07T18:03:35.744+05:30  INFO 13928 --- [RailwayTicket] [restartedMain] com.zaxxer.hikari.pool.HikariPool        : HikariPool-7 - Added connection org.postgresql.jdbc.PgConnection@20d4454a
2025-05-07T18:03:35.744+05:30  INFO 13928 --- [RailwayTicket] [restartedMain] com.zaxxer.hikari.HikariDataSource       : HikariPool-7 - Start completed.
2025-05-07T18:03:35.762+05:30  INFO 13928 --- [RailwayTicket] [restartedMain] org.hibernate.orm.connections.pooling    : HHH10001005: Database info:
	Database JDBC URL [Connecting through datasource 'HikariDataSource (HikariPool-7)']
	Database driver: undefined/unknown
	Database version: 17.4
	Autocommit mode: undefined/unknown
	Isolation level: undefined/unknown
	Minimum pool size: undefined/unknown
	Maximum pool size: undefined/unknown
2025-05-07T18:03:35.861+05:30  INFO 13928 --- [RailwayTicket] [restartedMain] o.h.e.t.j.p.i.JtaPlatformInitiator       : HHH000489: No JTA platform available (set 'hibernate.transaction.jta.platform' to enable JTA platform integration)
2025-05-07T18:03:35.902+05:30  INFO 13928 --- [RailwayTicket] [restartedMain] j.LocalContainerEntityManagerFactoryBean : Initialized JPA EntityManagerFactory for persistence unit 'default'
2025-05-07T18:03:36.094+05:30  WARN 13928 --- [RailwayTicket] [restartedMain] JpaBaseConfiguration$JpaWebConfiguration : spring.jpa.open-in-view is enabled by default. Therefore, database queries may be performed during view rendering. Explicitly configure spring.jpa.open-in-view to disable this warning
2025-05-07T18:03:36.283+05:30  INFO 13928 --- [RailwayTicket] [restartedMain] o.s.b.d.a.OptionalLiveReloadServer       : LiveReload server is running on port 35729
2025-05-07T18:03:36.296+05:30  INFO 13928 --- [RailwayTicket] [restartedMain] o.s.b.w.embedded.tomcat.TomcatWebServer  : Tomcat started on port 8080 (http) with context path '/'
2025-05-07T18:03:36.331+05:30  INFO 13928 --- [RailwayTicket] [restartedMain] c.ticket.demo.RailwayTicketApplication   : Started RailwayTicketApplication in 2.322 seconds (process running for 9780.992)
2025-05-07T18:03:36.333+05:30  INFO 13928 --- [RailwayTicket] [restartedMain] .ConditionEvaluationDeltaLoggingListener : Condition evaluation unchanged
2025-05-07T18:27:15.238+05:30  INFO 13928 --- [RailwayTicket] [SpringApplicationShutdownHook] o.s.b.w.e.tomcat.GracefulShutdown        : Commencing graceful shutdown. Waiting for active requests to complete
2025-05-07T18:27:15.247+05:30  INFO 13928 --- [RailwayTicket] [tomcat-shutdown] o.s.b.w.e.tomcat.GracefulShutdown        : Graceful shutdown complete
2025-05-07T18:27:15.250+05:30  INFO 13928 --- [RailwayTicket] [SpringApplicationShutdownHook] j.LocalContainerEntityManagerFactoryBean : Closing JPA EntityManagerFactory for persistence unit 'default'
2025-05-07T18:27:15.251+05:30  INFO 13928 --- [RailwayTicket] [SpringApplicationShutdownHook] com.zaxxer.hikari.HikariDataSource       : HikariPool-7 - Shutdown initiated...
2025-05-07T18:27:15.265+05:30  INFO 13928 --- [RailwayTicket] [SpringApplicationShutdownHook] com.zaxxer.hikari.HikariDataSource       : HikariPool-7 - Shutdown completed.
